2024-07-10 04:40:17 Loading main app package /usr/lib/obsidian/obsidian.asar
2024-07-10 04:40:18 Checking for update using Github
2024-07-10 04:40:18 Success.
2024-07-10 04:40:18 Latest version is 1.6.5
2024-07-10 04:40:18 App is up to date.
2024-07-10 05:40:18 Checking for update using Github
2024-07-10 05:40:18 Success.
2024-07-10 05:40:18 Latest version is 1.6.5
2024-07-10 05:40:18 App is up to date.
2024-07-10 06:40:18 Checking for update using Github
2024-07-10 06:40:23 Success.
2024-07-10 06:40:23 Latest version is 1.6.5
2024-07-10 06:40:23 App is up to date.
2024-07-10 10:55:37 Loading main app package /usr/lib/obsidian/obsidian.asar
2024-07-10 10:55:37 Checking for update using Github
2024-07-10 10:55:38 Success.
2024-07-10 10:55:38 Latest version is 1.6.5
2024-07-10 10:55:38 App is up to date.
2024-07-10 11:55:37 Checking for update using Github
2024-07-10 11:55:37 Success.
2024-07-10 11:55:37 Latest version is 1.6.5
2024-07-10 11:55:37 App is up to date.
2024-07-10 12:55:37 Checking for update using Github
2024-07-10 12:55:37 Success.
2024-07-10 12:55:37 Latest version is 1.6.5
2024-07-10 12:55:37 App is up to date.
2024-07-10 13:55:37 Checking for update using Github
2024-07-10 13:55:37 Success.
2024-07-10 13:55:37 Latest version is 1.6.5
2024-07-10 13:55:37 App is up to date.
2024-07-10 14:55:37 Checking for update using Github
2024-07-10 14:55:37 Success.
2024-07-10 14:55:37 Latest version is 1.6.5
2024-07-10 14:55:37 App is up to date.
2024-07-11 02:51:02 Loading main app package /usr/lib/obsidian/obsidian.asar
2024-07-11 02:51:02 Checking for update using Github
2024-07-11 02:51:03 Success.
2024-07-11 02:51:03 Latest version is 1.6.5
2024-07-11 02:51:03 App is up to date.
2024-07-11 02:51:36 Loading main app package /usr/lib/obsidian/obsidian.asar
2024-07-11 02:51:36 Checking for update using Github
2024-07-11 02:51:36 Success.
2024-07-11 02:51:36 Latest version is 1.6.5
2024-07-11 02:51:36 App is up to date.
2024-07-11 02:51:59 Loading main app package /usr/lib/obsidian/obsidian.asar
2024-07-11 02:51:59 Checking for update using Github
2024-07-11 02:51:59 Success.
2024-07-11 02:51:59 Latest version is 1.6.5
2024-07-11 02:51:59 App is up to date.
2024-07-11 02:54:04 Loading main app package /usr/lib/obsidian/obsidian.asar
2024-07-11 02:54:04 Checking for update using Github
2024-07-11 02:54:04 Success.
2024-07-11 02:54:04 Latest version is 1.6.5
2024-07-11 02:54:04 App is up to date.
2024-07-11 02:55:18 Loading main app package /usr/lib/obsidian/obsidian.asar
2024-07-11 02:55:19 Checking for update using Github
2024-07-11 02:55:19 Success.
2024-07-11 02:55:19 Latest version is 1.6.5
2024-07-11 02:55:19 App is up to date.
